build/app/outputs/mapping/release/usage.txt
com.example.flutter_codify.BuildConfig
com.example.flutter_codify.R$dimen
com.example.flutter_codify.R$id
com.example.flutter_codify.R$drawable
com.example.flutter_codify.R$attr
com.example.flutter_codify.R$styleable
com.example.flutter_codify.R$mipmap
com.example.flutter_codify.R$integer
com.example.flutter_codify.R$style
com.example.flutter_codify.R$color
com.example.flutter_codify.R
com.example.flutter_codify.R$layout
com.example.flutter_codify.R$string
...
android.support.v4.os.IResultReceiver$Stub
kotlin.collections.CollectionsKt__IteratorsKt
androidx.arch.core.util.Function
kotlin.text.RegexOption
android.support.v4.app.INotificationSideChannel$Stub$Proxy
io.flutter.view.FlutterNativeView$1
kotlin.UByteArray$Iterator
kotlin.sequences.SequencesKt___SequencesKt$requireNoNulls$1
kotlin.comparisons.ComparisonsKt__ComparisonsKt$nullsFirst$1
androidx.lifecycle.MediatorLiveData
org.intellij.lang.annotations.JdkConstants$CursorType
kotlin.ULongKt
androidx.annotation.RequiresPermission$Write
androidx.core.graphics.drawable.IconCompat:
    public static androidx.core.graphics.drawable.IconCompat createWithResource(android.content.Context,int)
    public static androidx.core.graphics.drawable.IconCompat createWithResource(android.content.res.Resources,java.lang.String,int)
    public static androidx.core.graphics.drawable.IconCompat createWithBitmap(android.graphics.Bitmap)
    public static androidx.core.graphics.drawable.IconCompat createWithAdaptiveBitmap(android.graphics.Bitmap)
    public static androidx.core.graphics.drawable.IconCompat createWithData(byte[],int,int)
    public static androidx.core.graphics.drawable.IconCompat createWithContentUri(java.lang.String)
    public static androidx.core.graphics.drawable.IconCompat createWithContentUri(android.net.Uri)
    private void <init>(int)
    private android.graphics.drawable.Drawable loadDrawableInner(android.content.Context)
    private static android.content.res.Resources getResources(android.content.Context,java.lang.String)
    public static androidx.core.graphics.drawable.IconCompat createFromBundle(android.os.Bundle)
    public static androidx.core.graphics.drawable.IconCompat createFromIcon(android.content.Context,android.graphics.drawable.Icon)
    public static androidx.core.graphics.drawable.IconCompat createFromIcon(android.graphics.drawable.Icon)
    private static int getType(android.graphics.drawable.Icon)
    private static android.net.Uri getUri(android.graphics.drawable.Icon)
kotlin.jvm.internal.ArrayFloatIterator
kotlin.jvm.internal.Lambda
androidx.core.content.res.GradientColorInflaterCompat
io.flutter.embedding.engine.dart.DartMessenger:
    public void send(java.lang.String,java.nio.ByteBuffer)
    public int getPendingChannelResponseCount()
    private static final java.lang.String TAG
kotlin.coroutines.jvm.internal.BaseContinuationImpl
kotlin.sequences.MergingSequence
kotlin.internal.ContractsDsl
androidx.core.view.accessibility.AccessibilityViewCommand$MoveAtGranularityArguments
androidx.core.view.inputmethod.InputConnectionCompat$OnCommitContentListener
androidx.loader.R$string
kotlin.sequences.TakeSequence$iterator$1
androidx.customview.view.AbsSavedState
io.flutter.embedding.engine.FlutterEngineConnectionRegistry$FlutterEngineServicePluginBinding:
    void <init>(android.app.Service,androidx.lifecycle.Lifecycle)
    public android.app.Service getService()
    public java.lang.Object getLifecycle()
    public void addOnModeChangeListener(io.flutter.embedding.engine.plugins.service.ServiceAware$OnModeChangeListener)
    public void removeOnModeChangeListener(io.flutter.embedding.engine.plugins.service.ServiceAware$OnModeChangeListener)
    void onMoveToForeground()
    void onMoveToBackground()
    private final android.app.Service service
    private final io.flutter.embedding.engine.plugins.lifecycle.HiddenLifecycleReference hiddenLifecycleReference
    private final java.util.Set onModeChangeListeners
kotlin.io.FilesKt__FileTreeWalkKt
kotlin.sequences.DropSequence$iterator$1
androidx.core.os.LocaleListCompat
androidx.lifecycle.ClassesInfoCache$MethodReference